<?xml version="1.0" encoding="UTF-8"?>
<testsuite xmlns:xsi="http://www.w3.org/2001/XMLSchema-instance" xsi:noNamespaceSchemaLocation="https://maven.apache.org/surefire/maven-surefire-plugin/xsd/surefire-test-report.xsd" version="3.0.2" name="com.erencsahin.coordinator.CoordinatorApplicationTests" time="2.12" tests="1" errors="0" skipped="0" failures="0">
  <properties>
[...]
</properties>
  <testcase name="contextLoads" classname="com.erencsahin.coordinator.CoordinatorApplicationTests" time="0.027">
    <system-out><![CDATA[18:14:07.267 [main] INFO org.springframework.test.context.support.AnnotationConfigContextLoaderUtils -- Could not detect default configuration classes for test class [com.erencsahin.coordinator.CoordinatorApplicationTests]: CoordinatorApplicationTests does not declare any static, non-private, non-final, nested classes annotated with @Configuration.
18:14:07.354 [main] INFO org.springframework.boot.test.context.SpringBootTestContextBootstrapper -- Found @SpringBootConfiguration com.erencsahin.CoordinatorApplication for test class com.erencsahin.coordinator.CoordinatorApplicationTests

  .   ____          _            __ _ _
 /\\ / ___'_ __ _ _(_)_ __  __ _ \ \ \ \
( ( )\___ | '_ | '_| | '_ \/ _` | \ \ \ \
 \\/  ___)| |_)| | | | | || (_| |  ) ) ) )
  '  |____| .__|_| |_|_| |_\__, | / / / /
 =========|_|==============|___/=/_/_/_/

 :: Spring Boot ::                (v3.4.3)

2025-03-18T18:14:07.798+03:00  INFO 6976 --- [coordinator,] [           main] c.e.c.CoordinatorApplicationTests        : Starting CoordinatorApplicationTests using Java 17.0.12 with PID 6976 (started by msi-nb in C:\toyotaproject\coordinator)
2025-03-18T18:14:07.800+03:00  INFO 6976 --- [coordinator,] [           main] c.e.c.CoordinatorApplicationTests        : No active profile set, falling back to 1 default profile: "default"
2025-03-18T18:14:09.193+03:00  INFO 6976 --- [coordinator,] [           main] c.e.c.CoordinatorApplicationTests        : Started CoordinatorApplicationTests in 1.662 seconds (process running for 2.588)
]]></system-out>
  </testcase>
</testsuite>